<?xml version="1.0" encoding="UTF-8"?>
<testng-results ignored="0" total="1" passed="1" failed="0" skipped="0">
  <reporter-output>
  </reporter-output>
  <suite started-at="2021-07-23T11:46:35Z" name="Default suite" finished-at="2021-07-23T11:50:06Z" duration-ms="211735">
    <groups>
    </groups>
    <test started-at="2021-07-23T11:46:35Z" name="Default test" finished-at="2021-07-23T11:50:06Z" duration-ms="211735">
      <class name="Casespage.Loginpagecase">
        <test-method is-config="true" signature="setup()[pri:0, instance:Casespage.Loginpagecase@7690781]" started-at="2021-07-23T11:46:35Z" name="setup" finished-at="2021-07-23T11:47:44Z" duration-ms="69441" status="PASS">
          <reporter-output>
          </reporter-output>
        </test-method> <!-- setup -->
        <test-method signature="loginpage(java.lang.String, java.lang.String)[pri:0, instance:Casespage.Loginpagecase@7690781]" started-at="2021-07-23T11:47:45Z" name="loginpage" data-provider="keydata" finished-at="2021-07-23T11:50:06Z" duration-ms="140902" status="PASS">
          <params>
            <param index="0">
              <value>
                <![CDATA[support@keycomputers.co.uk]]>
              </value>
            </param>
            <param index="1">
              <value>
                <![CDATA[LoyalDismissPhysics20]]>
              </value>
            </param>
          </params>
          <reporter-output>
          </reporter-output>
        </test-method> <!-- loginpage -->
      </class> <!-- Casespage.Loginpagecase -->
    </test> <!-- Default test -->
  </suite> <!-- Default suite -->
</testng-results>
